{
  "0 debug pnpm:scope": {
    "selected": 1
  },
  "1 debug pnpm": {
    "isCaseSensitive": false,
    "store": "D:\\.pnpm-store\\2"
  },
  "2 error pnpm": {
    "message": {
      "code": "ERR_PNPM_UNEXPECTED_VIRTUAL_STORE",
      "expected": "D:\\АРТЕМ\\workspace\\Cahee\\node_modules\\.pnpm",
      "actual": "D:\\АРТЕМ\\workspace\\cahee-finish\\node_modules\\.pnpm",
      "modulesDir": "D:\\АРТЕМ\\workspace\\cahee-finish\\node_modules"
    },
    "err": {
      "name": "Error",
      "message": "Unexpected virtual store location",
      "code": "ERR_PNPM_UNEXPECTED_VIRTUAL_STORE",
      "stack": "Error: Unexpected virtual store location\n    at Object.checkCompatibility [as default] (C:\\Users\\Sveta\\AppData\\Roaming\\npm\\node_modules\\pnpm\\lib\\node_modules\\@pnpm\\get-context\\lib\\checkCompatibility\\index.js:21:15)\n    at C:\\Users\\Sveta\\AppData\\Roaming\\npm\\node_modules\\pnpm\\lib\\node_modules\\@pnpm\\get-context\\lib\\index.js:137:41\n    at Array.map (<anonymous>)\n    at validateNodeModules (C:\\Users\\Sveta\\AppData\\Roaming\\npm\\node_modules\\pnpm\\lib\\node_modules\\@pnpm\\get-context\\lib\\index.js:135:32)\n    at Object.getContext [as default] (C:\\Users\\Sveta\\AppData\\Roaming\\npm\\node_modules\\pnpm\\lib\\node_modules\\@pnpm\\get-context\\lib\\index.js:20:15)\n    at processTicksAndRejections (internal/process/task_queues.js:97:5)\n    at async mutateModules (C:\\Users\\Sveta\\AppData\\Roaming\\npm\\node_modules\\pnpm\\lib\\node_modules\\supi\\lib\\install\\index.js:62:17)\n    at async Object.install (C:\\Users\\Sveta\\AppData\\Roaming\\npm\\node_modules\\pnpm\\lib\\node_modules\\supi\\lib\\install\\index.js:42:22)\n    at async Object.handler [as default] (C:\\Users\\Sveta\\AppData\\Roaming\\npm\\node_modules\\pnpm\\lib\\node_modules\\@pnpm\\plugin-commands-installation\\lib\\installDeps.js:115:33)"
    }
  }
}